0 info it worked if it ends with ok
1 verbose cli [ '/usr/local/bin/node', '/usr/local/bin/npm', 'run', 'dev' ]
2 info using npm@3.10.10
3 info using node@v6.9.4
4 verbose run-script [ 'predev', 'dev', 'postdev' ]
5 info lifecycle rmi@~predev: rmi@
6 silly lifecycle rmi@~predev: no script for predev, continuing
7 info lifecycle rmi@~dev: rmi@
8 verbose lifecycle rmi@~dev: unsafe-perm in lifecycle true
9 verbose lifecycle rmi@~dev: PATH: /usr/local/lib/node_modules/npm/bin/node-gyp-bin:/Users/kevintli/bp/RMI/node_modules/.bin:/Library/Frameworks/Python.framework/Versions/2.7/bin:/Users/kevintli/.rvm/gems/ruby-2.4.1/bin:/Users/kevintli/.rvm/gems/ruby-2.4.1@global/bin:/Users/kevintli/.rvm/rubies/ruby-2.4.1/bin:/anaconda/bin:/Library/Frameworks/Python.framework/Versions/3.6/bin:/Users/kevintli/Workspace/cocos2d-x-3.14.1/templates:/Users/kevintli/Workspace:/Users/kevintli/Workspace/cocos2d-x-3.14.1/tools/cocos2d-console/bin:/usr/local/bin:/usr/bin:/bin:/usr/sbin:/sbin:/usr/local/git/bin:/Library/TeX/texbin:/Users/kevintli/.rvm/bin
10 verbose lifecycle rmi@~dev: CWD: /Users/kevintli/bp/RMI
11 silly lifecycle rmi@~dev: Args: [ '-c',
11 silly lifecycle   'NODE_OPTIONS=--max_old_space_size=4096 ./bin/webpack-dev-server' ]
12 silly lifecycle rmi@~dev: Returned: code: 1  signal: null
13 info lifecycle rmi@~dev: Failed to exec dev script
14 verbose stack Error: rmi@ dev: `NODE_OPTIONS=--max_old_space_size=4096 ./bin/webpack-dev-server`
14 verbose stack Exit status 1
14 verbose stack     at EventEmitter.<anonymous> (/usr/local/lib/node_modules/npm/lib/utils/lifecycle.js:255:16)
14 verbose stack     at emitTwo (events.js:106:13)
14 verbose stack     at EventEmitter.emit (events.js:191:7)
14 verbose stack     at ChildProcess.<anonymous> (/usr/local/lib/node_modules/npm/lib/utils/spawn.js:40:14)
14 verbose stack     at emitTwo (events.js:106:13)
14 verbose stack     at ChildProcess.emit (events.js:191:7)
14 verbose stack     at maybeClose (internal/child_process.js:877:16)
14 verbose stack     at Process.ChildProcess._handle.onexit (internal/child_process.js:226:5)
15 verbose pkgid rmi@
16 verbose cwd /Users/kevintli/bp/RMI
17 error Darwin 15.2.0
18 error argv "/usr/local/bin/node" "/usr/local/bin/npm" "run" "dev"
19 error node v6.9.4
20 error npm  v3.10.10
21 error code ELIFECYCLE
22 error rmi@ dev: `NODE_OPTIONS=--max_old_space_size=4096 ./bin/webpack-dev-server`
22 error Exit status 1
23 error Failed at the rmi@ dev script 'NODE_OPTIONS=--max_old_space_size=4096 ./bin/webpack-dev-server'.
23 error Make sure you have the latest version of node.js and npm installed.
23 error If you do, this is most likely a problem with the rmi package,
23 error not with npm itself.
23 error Tell the author that this fails on your system:
23 error     NODE_OPTIONS=--max_old_space_size=4096 ./bin/webpack-dev-server
23 error You can get information on how to open an issue for this project with:
23 error     npm bugs rmi
23 error Or if that isn't available, you can get their info via:
23 error     npm owner ls rmi
23 error There is likely additional logging output above.
24 verbose exit [ 1, true ]
